# JRE version: OpenJDK Runtime Environment Temurin-21.0.6+7 (21.0.6+7) (build 21.0.6+7-LTS)
# Java VM: OpenJDK 64-Bit Server VM Temurin-21.0.6+7 (21.0.6+7-LTS, mixed mode, emulated-client, sharing, tiered, compressed oops, compressed class ptrs, g1 gc, windows-amd64)
GC Precious Log:
 CardTable entry size: 512
 Card Set container configuration: InlinePtr #cards 5 size 8 Array Of Cards #cards 12 size 40 Howl #buckets 4 coarsen threshold 1843 Howl Bitmap #cards 512 size 80 coarsen threshold 460 Card regions per heap region 1 cards per card region 2048
 CPUs: 8 total, 8 available
 Memory: 8050M
 Large Page Support: Disabled
 NUMA Support: Disabled
 Compressed Oops: Enabled (32-bit)
 Heap Region Size: 1M
 Heap Min Capacity: 8M
 Heap Initial Capacity: 126M
 Heap Max Capacity: 2014M
 Pre-touch: Disabled
 Parallel Workers: 8
 Concurrent Workers: 2
 Concurrent Refinement Workers: 8
 Periodic GC: Disabled
Heap:
 garbage-first heap   total 130048K, used 61989K [0x0000000082200000, 0x0000000100000000)
  region size 1024K, 4 young (4096K), 4 survivors (4096K)
 Metaspace       used 80377K, committed 81216K, reserved 1179648K
  class space    used 11863K, committed 12224K, reserved 1048576K
GC Heap History (20 events):
Event: 5.498 GC heap after
{Heap after GC invocations=16 (full 0):
 garbage-first heap   total 79872K, used 35001K [0x0000000082200000, 0x0000000100000000)
  region size 1024K, 2 young (2048K), 2 survivors (2048K)
 Metaspace       used 59615K, committed 60288K, reserved 1114112K
  class space    used 8449K, committed 8768K, reserved 1048576K
}
Event: 6.180 GC heap before
{Heap before GC invocations=17 (full 0):
 garbage-first heap   total 79872K, used 71865K [0x0000000082200000, 0x0000000100000000)
  region size 1024K, 38 young (38912K), 2 survivors (2048K)
 Metaspace       used 64659K, committed 65408K, reserved 1114112K
  class space    used 9235K, committed 9600K, reserved 1048576K
}
Event: 6.185 GC heap after
{Heap after GC invocations=18 (full 0):
 garbage-first heap   total 79872K, used 37295K [0x0000000082200000, 0x0000000100000000)
  region size 1024K, 4 young (4096K), 4 survivors (4096K)
 Metaspace       used 64659K, committed 65408K, reserved 1114112K
  class space    used 9235K, committed 9600K, reserved 1048576K
}
Event: 6.656 GC heap before
{Heap before GC invocations=18 (full 0):
 garbage-first heap   total 79872K, used 70063K [0x0000000082200000, 0x0000000100000000)
  region size 1024K, 36 young (36864K), 4 survivors (4096K)
 Metaspace       used 69147K, committed 69952K, reserved 1114112K
  class space    used 9994K, committed 10368K, reserved 1048576K
}
Event: 6.663 GC heap after
{Heap after GC invocations=19 (full 0):
 garbage-first heap   total 79872K, used 38897K [0x0000000082200000, 0x0000000100000000)
  region size 1024K, 5 young (5120K), 5 survivors (5120K)
 Metaspace       used 69147K, committed 69952K, reserved 1114112K
  class space    used 9994K, committed 10368K, reserved 1048576K
}
Event: 6.906 GC heap before
{Heap before GC invocations=19 (full 0):
 garbage-first heap   total 79872K, used 67569K [0x0000000082200000, 0x0000000100000000)
  region size 1024K, 34 young (34816K), 5 survivors (5120K)
 Metaspace       used 70955K, committed 71680K, reserved 1114112K
  class space    used 10372K, committed 10688K, reserved 1048576K
}
Event: 6.912 GC heap after
{Heap after GC invocations=20 (full 0):
 garbage-first heap   total 79872K, used 43629K [0x0000000082200000, 0x0000000100000000)
  region size 1024K, 5 young (5120K), 5 survivors (5120K)
 Metaspace       used 70955K, committed 71680K, reserved 1114112K
  class space    used 10372K, committed 10688K, reserved 1048576K
}
Event: 6.955 GC heap before
{Heap before GC invocations=20 (full 0):
 garbage-first heap   total 79872K, used 69229K [0x0000000082200000, 0x0000000100000000)
  region size 1024K, 30 young (30720K), 5 survivors (5120K)
 Metaspace       used 70961K, committed 71744K, reserved 1114112K
  class space    used 10372K, committed 10688K, reserved 1048576K
}
Event: 6.960 GC heap after
{Heap after GC invocations=21 (full 0):
 garbage-first heap   total 79872K, used 45076K [0x0000000082200000, 0x0000000100000000)
  region size 1024K, 2 young (2048K), 2 survivors (2048K)
 Metaspace       used 70961K, committed 71744K, reserved 1114112K
  class space    used 10372K, committed 10688K, reserved 1048576K
}
Event: 7.341 GC heap before
{Heap before GC invocations=22 (full 0):
 garbage-first heap   total 79872K, used 70676K [0x0000000082200000, 0x0000000100000000)
  region size 1024K, 27 young (27648K), 2 survivors (2048K)
 Metaspace       used 75330K, committed 76096K, reserved 1114112K
  class space    used 11044K, committed 11392K, reserved 1048576K
}
Event: 7.344 GC heap after
{Heap after GC invocations=23 (full 0):
 garbage-first heap   total 96256K, used 45451K [0x0000000082200000, 0x0000000100000000)
  region size 1024K, 2 young (2048K), 2 survivors (2048K)
 Metaspace       used 75330K, committed 76096K, reserved 1114112K
  class space    used 11044K, committed 11392K, reserved 1048576K
}
Event: 7.718 GC heap before
{Heap before GC invocations=23 (full 0):
 garbage-first heap   total 96256K, used 84363K [0x0000000082200000, 0x0000000100000000)
  region size 1024K, 41 young (41984K), 2 survivors (2048K)
 Metaspace       used 77358K, committed 78144K, reserved 1179648K
  class space    used 11444K, committed 11776K, reserved 1048576K
}
Event: 7.722 GC heap after
{Heap after GC invocations=24 (full 0):
 garbage-first heap   total 96256K, used 46934K [0x0000000082200000, 0x0000000100000000)
  region size 1024K, 4 young (4096K), 4 survivors (4096K)
 Metaspace       used 77358K, committed 78144K, reserved 1179648K
  class space    used 11444K, committed 11776K, reserved 1048576K
}
Event: 7.801 GC heap before
{Heap before GC invocations=24 (full 0):
 garbage-first heap   total 96256K, used 84822K [0x0000000082200000, 0x0000000100000000)
  region size 1024K, 41 young (41984K), 4 survivors (4096K)
 Metaspace       used 77358K, committed 78144K, reserved 1179648K
  class space    used 11444K, committed 11776K, reserved 1048576K
}
Event: 7.807 GC heap after
{Heap after GC invocations=25 (full 0):
 garbage-first heap   total 96256K, used 50687K [0x0000000082200000, 0x0000000100000000)
  region size 1024K, 6 young (6144K), 6 survivors (6144K)
 Metaspace       used 77358K, committed 78144K, reserved 1179648K
  class space    used 11444K, committed 11776K, reserved 1048576K
}
Event: 7.880 GC heap before
{Heap before GC invocations=26 (full 0):
 garbage-first heap   total 96256K, used 83455K [0x0000000082200000, 0x0000000100000000)
  region size 1024K, 38 young (38912K), 6 survivors (6144K)
 Metaspace       used 77358K, committed 78144K, reserved 1179648K
  class space    used 11444K, committed 11776K, reserved 1048576K
}
Event: 7.889 GC heap after
{Heap after GC invocations=27 (full 0):
 garbage-first heap   total 97280K, used 58196K [0x0000000082200000, 0x0000000100000000)
  region size 1024K, 5 young (5120K), 5 survivors (5120K)
 Metaspace       used 77358K, committed 78144K, reserved 1179648K
  class space    used 11444K, committed 11776K, reserved 1048576K
}
Event: 8.123 GC heap before
{Heap before GC invocations=27 (full 0):
 garbage-first heap   total 97280K, used 85844K [0x0000000082200000, 0x0000000100000000)
  region size 1024K, 32 young (32768K), 5 survivors (5120K)
 Metaspace       used 78018K, committed 78848K, reserved 1179648K
  class space    used 11539K, committed 11904K, reserved 1048576K
}
Event: 8.128 GC heap after
{Heap after GC invocations=28 (full 0):
 garbage-first heap   total 97280K, used 59779K [0x0000000082200000, 0x0000000100000000)
  region size 1024K, 2 young (2048K), 2 survivors (2048K)
 Metaspace       used 78018K, committed 78848K, reserved 1179648K
  class space    used 11539K, committed 11904K, reserved 1048576K
}
Event: 8.492 GC heap before
{Heap before GC invocations=28 (full 0):
 garbage-first heap   total 97280K, used 87427K [0x0000000082200000, 0x0000000100000000)
  region size 1024K, 29 young (29696K), 2 survivors (2048K)
 Metaspace       used 80377K, committed 81216K, reserved 1179648K
  class space    used 11863K, committed 12224K, reserved 1048576K
}

